{"level":"info","message":"Ingreso exitoso"}
{"level":"info","message":"Ingreso exitoso"}
{"level":"info","message":"Ingreso exitoso"}
{"level":"info","message":"Ingreso exitoso"}
{"level":"info","message":"Ingreso exitoso"}
{"level":"info","message":"Se obtuvo el listado de productos"}
{"level":"info","message":"error al obtener el producto"}
{"level":"info","message":"Se obtuvo el  producto"}
{"level":"info","message":"Ingreso exitoso"}
{"level":"info","message":"Ingreso exitoso"}
{"level":"info","message":"Se actualizo el producto"}
{"level":"info","message":"Ingreso exitoso"}
{"level":"warning","message":"error al crear el producto"}
{"level":"info","message":"se creo el producto"}
{"level":"info","message":"Ingreso exitoso"}
{"level":"info","message":"se obtuvo el carrito 64a5a710e45a4c4ada0a519e"}
{"level":"info","message":"Ingreso exitoso"}
{"level":"info","message":"Ingreso exitoso"}
{"level":"warning","message":"error al añadir al carrito"}
{"level":"info","message":"se obtuvo el carrito 64a5a710e45a4c4ada0a519c"}
{"level":"info","message":"se obtuvo el carrito 64a5a710e45a4c4ada0a519c"}
{"level":"info","message":"Ingreso exitoso"}
{"level":"info","message":"se obtuvo el carrito 64a5a710e45a4c4ada0a519c"}
{"level":"info","message":"Ingreso exitoso"}
{"level":"info","message":"se elimino el carrito 64a5a710e45a4c4ada0a519c"}
{"level":"info","message":"se obtuvo el carrito 64a5a710e45a4c4ada0a519c"}
{"level":"warning","message":"error al añadir al carrito"}
{"level":"info","message":"se obtuvo el carrito 64a5a710e45a4c4ada0a519c"}
{"level":"warning","message":"error al añadir al carrito"}
{"level":"info","message":"se obtuvo el carrito 64a5a710e45a4c4ada0a519c"}
{"level":"info","message":"se añadieron correctamente los productos al carrito 64a5a710e45a4c4ada0a519c"}
{"level":"info","message":"se agrego el carrito"}
{"level":"info","message":"Se obtuvo el listado de productos"}
{"level":"info","message":"Se obtuvo el listado de productos"}
{"level":"info","message":"Ingreso exitoso"}
{"level":"info","message":"Se obtuvo el listado de productos"}
{"level":"info","message":"Ingreso exitoso"}
{"level":"info","message":"se creo el producto"}
{"level":"info","message":"Ingreso exitoso"}
{"level":"info","message":"Se obtuvo el listado de productos"}
{"level":"info","message":"Ingreso exitoso"}
{"level":"info","message":"Se obtuvo el listado de productos"}
{"level":"info","message":"Ingreso exitoso"}
{"level":"info","message":"Se obtuvo el listado de productos"}
{"level":"info","message":"Ingreso exitoso"}
{"level":"info","message":"Ingreso exitoso"}
{"level":"info","message":"Se obtuvo el listado de productos"}
{"level":"info","message":"Ingreso exitoso"}
{"level":"info","message":"Ingreso exitoso"}
{"level":"info","message":"Se obtuvo el listado de productos"}
{"level":"info","message":"Ingreso exitoso"}
{"level":"info","message":"Ingreso exitoso"}
{"level":"info","message":"Se obtuvo el listado de productos"}
{"level":"info","message":"Ingreso exitoso"}
{"level":"info","message":"Ingreso exitoso"}
{"level":"info","message":"Se obtuvo el listado de productos"}
{"level":"info","message":"Ingreso exitoso"}
{"level":"info","message":"Se obtuvo el listado de productos"}
{"level":"info","message":"Ingreso exitoso"}
{"level":"info","message":"Se obtuvo el listado de productos"}
{"level":"info","message":"Ingreso exitoso"}
{"level":"info","message":"Ingreso exitoso"}
{"level":"info","message":"Se obtuvo el listado de productos"}
{"level":"info","message":"Ingreso exitoso"}
{"level":"info","message":"Se obtuvo el listado de productos"}
{"level":"info","message":"Ingreso exitoso"}
{"level":"info","message":"Se obtuvo el listado de productos"}
{"level":"info","message":"Ingreso exitoso"}
{"level":"info","message":"Se obtuvo el listado de productos"}
{"level":"info","message":"Ingreso exitoso"}
{"level":"info","message":"Se obtuvo el listado de productos"}
{"level":"info","message":"Ingreso exitoso"}
{"level":"info","message":"Se obtuvo el listado de productos"}
{"level":"info","message":"Ingreso exitoso"}
{"level":"info","message":"Se obtuvo el listado de productos"}
{"level":"info","message":"Ingreso exitoso"}
{"level":"info","message":"Se obtuvo el listado de productos"}
{"level":"info","message":"Ingreso exitoso"}
{"level":"info","message":"Se obtuvo el listado de productos"}
{"level":"info","message":"Ingreso exitoso"}
{"level":"info","message":"Se obtuvo el listado de productos"}
{"level":"info","message":"Ingreso exitoso"}
{"level":"info","message":"Se obtuvo el listado de productos"}
{"level":"info","message":"Ingreso exitoso"}
{"level":"info","message":"Ingreso exitoso"}
{"level":"warning","message":"el usuario ya existe"}
{"level":"info","message":"Ingreso exitoso"}
{"level":"info","message":"Se obtuvo el listado de productos"}
{"level":"info","message":"Ingreso exitoso"}
{"level":"info","message":"Ingreso exitoso"}
{"level":"info","message":"Ingreso exitoso"}
{"level":"info","message":"Ingreso exitoso"}
{"level":"info","message":"Ingreso exitoso"}
{"level":"info","message":"Ingreso exitoso"}
{"level":"info","message":"Ingreso exitoso"}
{"level":"info","message":"Ingreso exitoso"}
{"level":"info","message":"Ingreso exitoso"}
{"level":"info","message":"Ingreso exitoso"}
{"level":"info","message":"Ingreso exitoso"}
{"level":"info","message":"Ingreso exitoso"}
{"level":"info","message":"se creo el producto"}
{"level":"info","message":"se creo el producto"}
{"level":"info","message":"se creo el producto"}
{"level":"info","message":"se creo el producto"}
{"level":"info","message":"se creo el producto"}
{"level":"info","message":"Ingreso exitoso"}
{"level":"info","message":"se creo el producto"}
{"level":"info","message":"Ingreso exitoso"}
{"level":"info","message":"Se obtuvo el listado de productos"}
{"level":"info","message":"No se elimino el producto"}
{"level":"info","message":"Ingreso exitoso"}
{"level":"info","message":"Se elimino el producto"}
{"level":"info","message":"Ingreso exitoso"}
{"level":"info","message":"se creo el producto"}
{"level":"info","message":"Se elimino el producto"}
{"level":"info","message":"Ingreso exitoso"}
{"level":"info","message":"se creo el producto"}
{"level":"info","message":"Ingreso exitoso"}
{"level":"info","message":"Se elimino el producto"}
{"level":"info","message":"Ingreso exitoso"}
{"level":"info","message":"Se obtuvo el listado de productos"}
{"level":"info","message":"Ingreso exitoso"}
{"level":"info","message":"se añadio el producto 65030bd0c2e156dce352c6af al carrito 650309ad693b38247c7f2f92"}
{"level":"info","message":"se añadio el producto 65030bb0c2e156dce352c6ab al carrito 650309ad693b38247c7f2f92"}
{"level":"info","message":"se añadio el producto 65030bd0c2e156dce352c6af al carrito 650309ad693b38247c7f2f92"}
{"level":"info","message":"Ingreso exitoso"}
{"level":"info","message":"Ingreso exitoso"}
{"level":"info","message":"se añadio el producto 65030bd0c2e156dce352c6af al carrito 650309ad693b38247c7f2f92"}
{"level":"info","message":"se añadio el producto 65030bb0c2e156dce352c6ab al carrito 650309ad693b38247c7f2f92"}
